[debug] [2026-02-12T03:17:41.118Z] ----------------------------------------------------------------------
[debug] [2026-02-12T03:17:41.123Z] Command:       /usr/local/bin/node /usr/local/bin/firebase init
[debug] [2026-02-12T03:17:41.123Z] CLI Version:   15.5.1
[debug] [2026-02-12T03:17:41.123Z] Platform:      darwin
[debug] [2026-02-12T03:17:41.123Z] Node Version:  v24.13.0
[debug] [2026-02-12T03:17:41.123Z] Time:          Thu Feb 12 2026 04:17:41 GMT+0100 (Central European Standard Time)
[debug] [2026-02-12T03:17:41.123Z] ----------------------------------------------------------------------
[debug] 
[info] 
     ######## #### ########  ######## ########     ###     ######  ########
     ##        ##  ##     ## ##       ##     ##  ##   ##  ##       ##
     ######    ##  ########  ######   ########  #########  ######  ######
     ##        ##  ##    ##  ##       ##     ## ##     ##       ## ##
     ##       #### ##     ## ######## ########  ##     ##  ######  ########

You're about to initialize a Firebase project in this directory:

  /Users/nono/Desktop/silk-website

[info] 
=== Project Setup
[info] 
[info] First, let's associate this project directory with a Firebase project.
[info] You can create multiple project aliases by running firebase use --add, 
[info] 
[debug] [2026-02-12T03:31:36.736Z] > command requires scopes: ["email","openid","https://www.googleapis.com/auth/cloudplatformprojects.readonly","https://www.googleapis.com/auth/firebase","https://www.googleapis.com/auth/cloud-platform"]
[debug] [2026-02-12T03:31:36.736Z] > authorizing via signed-in user (nora.littlecreatrice@gmail.com)
[debug] [2026-02-12T03:31:36.738Z] Checked if tokens are valid: false, expires at: 1769773007579
[debug] [2026-02-12T03:31:36.739Z] Checked if tokens are valid: false, expires at: 1769773007579
[debug] [2026-02-12T03:31:36.739Z] > refreshing access token with scopes: []
[debug] [2026-02-12T03:31:36.741Z] >>> [apiv2][query] POST https://www.googleapis.com/oauth2/v3/token [none]
[debug] [2026-02-12T03:31:36.741Z] >>> [apiv2][body] POST https://www.googleapis.com/oauth2/v3/token [omitted]
[debug] [2026-02-12T03:31:36.831Z] <<< [apiv2][status] POST https://www.googleapis.com/oauth2/v3/token 200
[debug] [2026-02-12T03:31:36.832Z] <<< [apiv2][body] POST https://www.googleapis.com/oauth2/v3/token [omitted]
[debug] [2026-02-12T03:31:36.847Z] >>> [apiv2][query] GET https://firebase.googleapis.com/v1beta1/projects pageSize=100
[debug] [2026-02-12T03:31:37.379Z] <<< [apiv2][status] GET https://firebase.googleapis.com/v1beta1/projects 200
[debug] [2026-02-12T03:31:37.379Z] <<< [apiv2][body] GET https://firebase.googleapis.com/v1beta1/projects [omitted]
[debug] [2026-02-12T03:36:37.463Z] ExitPromptError: User force closed the prompt with SIGINT
    at Interface.sigint (/usr/local/lib/node_modules/firebase-tools/node_modules/@inquirer/core/dist/commonjs/lib/create-prompt.js:101:37)
    at Interface.emit (node:events:508:28)
    at [_ttyWrite] [as _ttyWrite] (node:internal/readline/interface:1327:18)
    at ReadStream.onkeypress (node:internal/readline/interface:284:20)
    at ReadStream.emit (node:events:520:35)
    at emitKeys (node:internal/readline/utils:371:14)
    at emitKeys.next (<anonymous>)
    at ReadStream.onData (node:internal/readline/emitKeypressEvents:64:36)
    at ReadStream.emit (node:events:508:28)
    at addChunk (node:internal/streams/readable:559:12)
[error] 
[error] Error: An unexpected error has occurred.
